DEBUG   |181023 19:16:47|Fetching filter data from database
DEBUG   |181023 19:16:47|Loading filters
DEBUG   |181023 19:16:47|-- Loading filter Directories
DEBUG   |181023 19:16:47|-- Loading filter Extradirs
DEBUG   |181023 19:16:47|-- Loading filter Files
DEBUG   |181023 19:16:47|-- Loading filter Incremental
DEBUG   |181023 19:16:47|-- Loading filter Multidb
DEBUG   |181023 19:16:47|-- Loading filter Regexdirectories
DEBUG   |181023 19:16:47|-- Loading filter Regexfiles
DEBUG   |181023 19:16:47|-- Loading filter Regexskipdirs
DEBUG   |181023 19:16:47|-- Loading filter Regexskipfiles
DEBUG   |181023 19:16:47|-- Loading filter Regextabledata
DEBUG   |181023 19:16:47|-- Loading filter Regextables
DEBUG   |181023 19:16:47|-- Loading filter Skipdirs
DEBUG   |181023 19:16:47|-- Loading filter Skipfiles
DEBUG   |181023 19:16:47|-- Loading filter Tabledata
DEBUG   |181023 19:16:47|-- Loading filter Tables
DEBUG   |181023 19:16:47|-- Loading filter Cvsfolders
DEBUG   |181023 19:16:47|-- Loading filter Excludefiles
DEBUG   |181023 19:16:47|-- Loading filter Excludefolders
DEBUG   |181023 19:16:47|-- Loading filter Excludetabledata
DEBUG   |181023 19:16:47|-- Loading filter Joomlaskipdirs
DEBUG   |181023 19:16:47|-- Loading filter Joomlaskipfiles
DEBUG   |181023 19:16:47|-- Loading filter Libraries
DEBUG   |181023 19:16:47|-- Loading filter Sitedb
DEBUG   |181023 19:16:47|-- Loading filter Siteroot
DEBUG   |181023 19:16:47|-- Loading filter Systemcachefiles
DEBUG   |181023 19:16:47|Loading optional filters
DEBUG   |181023 19:16:47|-- Loading optional filter Stack\StackErrorlogs
DEBUG   |181023 19:16:47|-- Loading optional filter Stack\StackHoststats
DEBUG   |181023 19:16:47|-- Loading optional filter Stack\StackFinder
DEBUG   |181023 19:16:47|-- Loading optional filter Stack\StackMyjoomla
